# JRE version: OpenJDK Runtime Environment (21.0.10) (build 21.0.10+-14961533-b1163.108)
# Java VM: OpenJDK 64-Bit Server VM (21.0.10+-14961533-b1163.108, mixed mode, tiered, compressed oops, compressed class ptrs, g1 gc, windows-amd64)
GC Precious Log:
 CardTable entry size: 512
 Card Set container configuration: InlinePtr #cards 5 size 8 Array Of Cards #cards 12 size 40 Howl #buckets 4 coarsen threshold 1843 Howl Bitmap #cards 512 size 80 coarsen threshold 460 Card regions per heap region 1 cards per card region 2048
 CPUs: 4 total, 4 available
 Memory: 6086M
 Large Page Support: Disabled
 NUMA Support: Disabled
 Compressed Oops: Enabled (32-bit)
 Heap Region Size: 1M
 Heap Min Capacity: 256M
 Heap Initial Capacity: 256M
 Heap Max Capacity: 512M
 Pre-touch: Disabled
 Parallel Workers: 4
 Concurrent Workers: 1
 Concurrent Refinement Workers: 4
 Periodic GC: Disabled
Heap:
 garbage-first heap   total 452608K, used 201979K [0x00000000e0000000, 0x0000000100000000)
  region size 1024K, 12 young (12288K), 3 survivors (3072K)
 Metaspace       used 228014K, committed 229632K, reserved 589824K
  class space    used 28148K, committed 29120K, reserved 327680K
GC Heap History (20 events):
Event: 3432.819 GC heap before
{Heap before GC invocations=89 (full 0):
 garbage-first heap   total 452608K, used 215375K [0x00000000e0000000, 0x0000000100000000)
  region size 1024K, 22 young (22528K), 1 survivors (1024K)
 Metaspace       used 223445K, committed 226624K, reserved 589824K
  class space    used 27838K, committed 29120K, reserved 327680K
}
Event: 3432.849 GC heap after
{Heap after GC invocations=90 (full 0):
 garbage-first heap   total 452608K, used 198656K [0x00000000e0000000, 0x0000000100000000)
  region size 1024K, 3 young (3072K), 3 survivors (3072K)
 Metaspace       used 223445K, committed 226624K, reserved 589824K
  class space    used 27838K, committed 29120K, reserved 327680K
}
Event: 3434.597 GC heap before
{Heap before GC invocations=90 (full 0):
 garbage-first heap   total 452608K, used 217088K [0x00000000e0000000, 0x0000000100000000)
  region size 1024K, 22 young (22528K), 3 survivors (3072K)
 Metaspace       used 223477K, committed 226624K, reserved 589824K
  class space    used 27845K, committed 29120K, reserved 327680K
}
Event: 3434.651 GC heap after
{Heap after GC invocations=91 (full 0):
 garbage-first heap   total 452608K, used 194732K [0x00000000e0000000, 0x0000000100000000)
  region size 1024K, 2 young (2048K), 2 survivors (2048K)
 Metaspace       used 223477K, committed 226624K, reserved 589824K
  class space    used 27845K, committed 29120K, reserved 327680K
}
Event: 3436.427 GC heap before
{Heap before GC invocations=91 (full 0):
 garbage-first heap   total 452608K, used 217260K [0x00000000e0000000, 0x0000000100000000)
  region size 1024K, 22 young (22528K), 2 survivors (2048K)
 Metaspace       used 223564K, committed 226624K, reserved 589824K
  class space    used 27846K, committed 29120K, reserved 327680K
}
Event: 3436.590 GC heap after
{Heap after GC invocations=92 (full 0):
 garbage-first heap   total 452608K, used 197408K [0x00000000e0000000, 0x0000000100000000)
  region size 1024K, 3 young (3072K), 3 survivors (3072K)
 Metaspace       used 223564K, committed 226624K, reserved 589824K
  class space    used 27846K, committed 29120K, reserved 327680K
}
Event: 3439.756 GC heap before
{Heap before GC invocations=92 (full 0):
 garbage-first heap   total 452608K, used 215840K [0x00000000e0000000, 0x0000000100000000)
  region size 1024K, 22 young (22528K), 3 survivors (3072K)
 Metaspace       used 223617K, committed 226624K, reserved 589824K
  class space    used 27846K, committed 29120K, reserved 327680K
}
Event: 3439.809 GC heap after
{Heap after GC invocations=93 (full 0):
 garbage-first heap   total 452608K, used 198885K [0x00000000e0000000, 0x0000000100000000)
  region size 1024K, 3 young (3072K), 3 survivors (3072K)
 Metaspace       used 223617K, committed 226624K, reserved 589824K
  class space    used 27846K, committed 29120K, reserved 327680K
}
Event: 3442.511 GC heap before
{Heap before GC invocations=93 (full 0):
 garbage-first heap   total 452608K, used 218341K [0x00000000e0000000, 0x0000000100000000)
  region size 1024K, 22 young (22528K), 3 survivors (3072K)
 Metaspace       used 223706K, committed 226624K, reserved 589824K
  class space    used 27850K, committed 29120K, reserved 327680K
}
Event: 3442.575 GC heap after
{Heap after GC invocations=94 (full 0):
 garbage-first heap   total 452608K, used 199947K [0x00000000e0000000, 0x0000000100000000)
  region size 1024K, 3 young (3072K), 3 survivors (3072K)
 Metaspace       used 223706K, committed 226624K, reserved 589824K
  class space    used 27850K, committed 29120K, reserved 327680K
}
Event: 3451.765 GC heap before
{Heap before GC invocations=94 (full 0):
 garbage-first heap   total 452608K, used 221451K [0x00000000e0000000, 0x0000000100000000)
  region size 1024K, 22 young (22528K), 3 survivors (3072K)
 Metaspace       used 224135K, committed 226624K, reserved 589824K
  class space    used 27882K, committed 29120K, reserved 327680K
}
Event: 3451.829 GC heap after
{Heap after GC invocations=95 (full 0):
 garbage-first heap   total 452608K, used 203287K [0x00000000e0000000, 0x0000000100000000)
  region size 1024K, 3 young (3072K), 3 survivors (3072K)
 Metaspace       used 224135K, committed 226624K, reserved 589824K
  class space    used 27882K, committed 29120K, reserved 327680K
}
Event: 3457.310 GC heap before
{Heap before GC invocations=95 (full 0):
 garbage-first heap   total 452608K, used 221719K [0x00000000e0000000, 0x0000000100000000)
  region size 1024K, 22 young (22528K), 3 survivors (3072K)
 Metaspace       used 224531K, committed 226624K, reserved 589824K
  class space    used 27922K, committed 29120K, reserved 327680K
}
Event: 3457.410 GC heap after
{Heap after GC invocations=96 (full 0):
 garbage-first heap   total 452608K, used 205695K [0x00000000e0000000, 0x0000000100000000)
  region size 1024K, 3 young (3072K), 3 survivors (3072K)
 Metaspace       used 224531K, committed 226624K, reserved 589824K
  class space    used 27922K, committed 29120K, reserved 327680K
}
Event: 3468.908 GC heap before
{Heap before GC invocations=96 (full 0):
 garbage-first heap   total 452608K, used 231295K [0x00000000e0000000, 0x0000000100000000)
  region size 1024K, 30 young (30720K), 3 survivors (3072K)
 Metaspace       used 225532K, committed 227328K, reserved 589824K
  class space    used 27995K, committed 29120K, reserved 327680K
}
Event: 3468.976 GC heap after
{Heap after GC invocations=97 (full 0):
 garbage-first heap   total 452608K, used 204671K [0x00000000e0000000, 0x0000000100000000)
  region size 1024K, 4 young (4096K), 4 survivors (4096K)
 Metaspace       used 225532K, committed 227328K, reserved 589824K
  class space    used 27995K, committed 29120K, reserved 327680K
}
Event: 3634.973 GC heap before
{Heap before GC invocations=98 (full 0):
 garbage-first heap   total 452608K, used 328575K [0x00000000e0000000, 0x0000000100000000)
  region size 1024K, 136 young (139264K), 4 survivors (4096K)
 Metaspace       used 228001K, committed 229632K, reserved 589824K
  class space    used 28148K, committed 29120K, reserved 327680K
}
Event: 3638.530 GC heap after
{Heap after GC invocations=99 (full 0):
 garbage-first heap   total 452608K, used 199109K [0x00000000e0000000, 0x0000000100000000)
  region size 1024K, 13 young (13312K), 13 survivors (13312K)
 Metaspace       used 228001K, committed 229632K, reserved 589824K
  class space    used 28148K, committed 29120K, reserved 327680K
}
Event: 3639.459 GC heap before
{Heap before GC invocations=99 (full 0):
 garbage-first heap   total 452608K, used 208325K [0x00000000e0000000, 0x0000000100000000)
  region size 1024K, 22 young (22528K), 13 survivors (13312K)
 Metaspace       used 228007K, committed 229632K, reserved 589824K
  class space    used 28148K, committed 29120K, reserved 327680K
}
Event: 3640.633 GC heap after
{Heap after GC invocations=100 (full 0):
 garbage-first heap   total 452608K, used 194811K [0x00000000e0000000, 0x0000000100000000)
  region size 1024K, 3 young (3072K), 3 survivors (3072K)
 Metaspace       used 228007K, committed 229632K, reserved 589824K
  class space    used 28148K, committed 29120K, reserved 327680K
}

